Info: Nothing to build for Copia Parcial labo 1
11:16:59 **** Rebuild of configuration Debug for project Copia Parcial labo 1 ****
Info: Internal Builder is used for build
gcc -O0 -g3 -Wall -c -fmessage-length=0 -o "src\\localidad.o" "..\\src\\localidad.c" 
gcc -O0 -g3 -Wall -c -fmessage-length=0 -o "src\\Parcial labo 1.o" "..\\src\\Parcial labo 1.c" 
gcc -O0 -g3 -Wall -c -fmessage-length=0 -o "src\\input.o" "..\\src\\input.c" 
..\src\input.c: In function 'esCuit':
..\src\input.c:130:9: warning: variable 'caracter' set but not used [-Wunused-but-set-variable]
     int caracter;
         ^~~~~~~~
gcc -O0 -g3 -Wall -c -fmessage-length=0 -o "src\\nucleo.o" "..\\src\\nucleo.c" 
gcc -O0 -g3 -Wall -c -fmessage-length=0 -o "src\\cliente.o" "..\\src\\cliente.c" 
gcc -O0 -g3 -Wall -c -fmessage-length=0 -o "src\\pedidos.o" "..\\src\\pedidos.c" 
gcc -o "Copia Parcial labo 1.exe" "src\\Parcial labo 1.o" "src\\cliente.o" "src\\input.o" "src\\localidad.o" "src\\nucleo.o" "src\\pedidos.o" 
11:28:14 **** Incremental Build of configuration Debug for project Copia Parcial labo 1 ****
Info: Internal Builder is used for build
gcc -O0 -g3 -Wall -c -fmessage-length=0 -o "src\\nucleo.o" "..\\src\\nucleo.c" 
gcc -o "Copia Parcial labo 1.exe" "src\\Parcial labo 1.o" "src\\cliente.o" "src\\input.o" "src\\localidad.o" "src\\nucleo.o" "src\\pedidos.o" 
17:30:36 **** Incremental Build of configuration Debug for project Copia Parcial labo 1 ****
Info: Internal Builder is used for build
gcc -O0 -g3 -Wall -c -fmessage-length=0 -o "src\\Parcial labo 1.o" "..\\src\\Parcial labo 1.c" 
gcc -O0 -g3 -Wall -c -fmessage-length=0 -o "src\\nucleo.o" "..\\src\\nucleo.c" 
gcc -o "Copia Parcial labo 1.exe" "src\\Parcial labo 1.o" "src\\cliente.o" "src\\input.o" "src\\localidad.o" "src\\nucleo.o" "src\\pedidos.o" 
Info: Nothing to build for Copia Parcial labo 1
